2026-04-16 09:59:02 | INFO | [GALENIUS] Run dir: C:\Users\fserrano\Desktop\DOCUMENTOS-CARNET-GADSO\logs\galenius\runs\galenius_flow_20260416_095902
2026-04-16 09:59:05 | INFO | [GALENIUS] Inicio flujo unico | login=https://TU_DOMINIO_GALENIUS/login
2026-04-16 09:59:07 | ERROR | [GALENIUS] Error inesperado
Traceback (most recent call last):
  File "C:\Users\fserrano\Desktop\DOCUMENTOS-CARNET-GADSO\run_galenius.py", line 14, in main
    resumen = ejecutar_flujo_galenius(cfg, logger, event_logger)
  File "C:\Users\fserrano\Desktop\DOCUMENTOS-CARNET-GADSO\galenius_flow\main_flow.py", line 124, in ejecutar_flujo_galenius
    final_url = _ejecutar_login(page, cfg, logger, event_logger)
  File "C:\Users\fserrano\Desktop\DOCUMENTOS-CARNET-GADSO\galenius_flow\main_flow.py", line 71, in _ejecutar_login
    page.goto(cfg.url_login, wait_until="domcontentloaded", timeout=cfg.timeout_ms)
    ~~~~~~~~~^^^^^^^^^^^^^^^^^^^^^^^^^^^^^^^^^^^^^^^^^^^^^^^^^^^^^^^^^^^^^^^^^^^^^^
  File "C:\Users\fserrano\AppData\Local\Programs\Python\Python314\Lib\site-packages\playwright\sync_api\_generated.py", line 9054, in goto
    self._sync(
    ~~~~~~~~~~^
        self._impl_obj.goto(
        ^^^^^^^^^^^^^^^^^^^^
            url=url, timeout=timeout, waitUntil=wait_until, referer=referer
            ^^^^^^^^^^^^^^^^^^^^^^^^^^^^^^^^^^^^^^^^^^^^^^^^^^^^^^^^^^^^^^^
        )
        ^
    )
    ^
  File "C:\Users\fserrano\AppData\Local\Programs\Python\Python314\Lib\site-packages\playwright\_impl\_sync_base.py", line 115, in _sync
    return task.result()
           ~~~~~~~~~~~^^
  File "C:\Users\fserrano\AppData\Local\Programs\Python\Python314\Lib\site-packages\playwright\_impl\_page.py", line 552, in goto
    return await self._main_frame.goto(**locals_to_params(locals()))
           ^^^^^^^^^^^^^^^^^^^^^^^^^^^^^^^^^^^^^^^^^^^^^^^^^^^^^^^^^
  File "C:\Users\fserrano\AppData\Local\Programs\Python\Python314\Lib\site-packages\playwright\_impl\_frame.py", line 153, in goto
    await self._channel.send(
        "goto", self._navigation_timeout, locals_to_params(locals())
    )
  File "C:\Users\fserrano\AppData\Local\Programs\Python\Python314\Lib\site-packages\playwright\_impl\_connection.py", line 69, in send
    return await self._connection.wrap_api_call(
           ^^^^^^^^^^^^^^^^^^^^^^^^^^^^^^^^^^^^^
    ...<3 lines>...
    )
    ^
  File "C:\Users\fserrano\AppData\Local\Programs\Python\Python314\Lib\site-packages\playwright\_impl\_connection.py", line 559, in wrap_api_call
    raise rewrite_error(error, f"{parsed_st['apiName']}: {error}") from None
playwright._impl._errors.Error: Page.goto: net::ERR_NAME_NOT_RESOLVED at https://tu_dominio_galenius/login
Call log:
  - navigating to "https://tu_dominio_galenius/login", waiting until "domcontentloaded"

